<?xml version="1.0" encoding="utf-8"?><testsuite errors="0" failures="0" name="pytest" skips="0" tests="5" time="0.193"><testcase classname="doit_api.tests.core.test_config" file="doit_api/tests/core/test_config.py" line="13" name="test_config_simple" time="0.006897926330566406"></testcase><testcase classname="doit_api.tests.core.test_config" file="doit_api/tests/core/test_config.py" line="32" name="test_valid_config" time="0.02007889747619629"><system-out>hi
</system-out><system-err>/bin/sh: 1: ech: not found
</system-err></testcase><testcase classname="doit_api.tests.core.test_pickling" file="doit_api/tests/core/test_pickling.py" line="5" name="test_pickle_simple" time="0.001329183578491211"></testcase><testcase classname="doit_api.tests.core.test_pickling" file="doit_api/tests/core/test_pickling.py" line="19" name="test_pickle_simple_decorator" time="0.0010635852813720703"></testcase><testcase classname="doit_api.tests.core.test_task_and_taskgen" file="doit_api/tests/core/test_task_and_taskgen.py" line="17" name="test_task" time="0.04315900802612305"><system-out>.  a =&gt; custom title
.  b =&gt; Python: function test_task.&lt;locals&gt;.b
.  d =&gt; Cmd: echo ola; echo hey
.  c:echo =&gt; Cmd: echo hi
.  c:c_ =&gt; Python: function test_task.&lt;locals&gt;.c.&lt;locals&gt;.c_
.  c:subtask 0 =&gt; this is 0 running
.  c:subtask 0 variant =&gt; this is 0 running variant
.  c:subtask 1 =&gt; this is 1 running
.  c:subtask 1 variant =&gt; this is 1 running variant
</system-out></testcase></testsuite>